<?xml version="1.0" encoding="UTF-8"?>
<!-- Generated by org.testng.reporters.JUnitXMLReporter -->
<testsuite hostname="DESKTOP-B8EO9IM" ignored="0" name="Test" tests="7" failures="1" timestamp="24 Sep 2022 11:18:00 GMT" time="0.105" errors="0">
  <testcase name="test" time="0.016" classname="com.rerun.Login"/>
  <testcase name="test1" time="0.0" classname="com.rerun.Login">
    <skipped/>
  </testcase> <!-- test1 -->
  <testcase name="test1" time="0.016" classname="com.rerun.Login">
    <skipped/>
  </testcase> <!-- test1 -->
  <testcase name="test1" time="0.0" classname="com.rerun.Login">
    <skipped/>
  </testcase> <!-- test1 -->
  <testcase name="test1" time="0.0" classname="com.rerun.Login">
    <skipped/>
  </testcase> <!-- test1 -->
  <testcase name="test1" time="0.0" classname="com.rerun.Login">
    <skipped/>
  </testcase> <!-- test1 -->
  <testcase name="test1" time="0.0" classname="com.rerun.Login">
    <failure type="java.lang.AssertionError" message="verify expected [true] but found [false]">
      <![CDATA[java.lang.AssertionError: verify expected [true] but found [false]
at com.rerun.Login.test1(Login.java:19)
... Removed 28 stack frames]]>
    </failure>
  </testcase> <!-- test1 -->
</testsuite> <!-- Test -->
